<?xml version="1.0" encoding="UTF-8"?>
<testsuite name="CaesarCipherTest" tests="2" skipped="0" failures="0" errors="0" timestamp="2021-09-16T06:48:27" hostname="Deniss-MacBook-Pro.local" time="0.022">
  <properties/>
  <testcase name="testCipheredMessageWithOffsetOf12()" classname="CaesarCipherTest" time="0.02"/>
  <testcase name="testEmptyString()" classname="CaesarCipherTest" time="0.001"/>
  <system-out><![CDATA[]]></system-out>
  <system-err><![CDATA[]]></system-err>
</testsuite>
